{
    "FunctionName": "hello-cli",
    "FunctionArn": "arn:aws:lambda:us-east-1:621450410267:function:hello-cli:2",
    "Runtime": "nodejs12.x",
    "Role": "arn:aws:iam::621450410267:role/lambda-ex",
    "Handler": "index.handler",
    "CodeSize": 323,
    "Description": "",
    "Timeout": 3,
    "MemorySize": 128,
    "LastModified": "2022-11-01T01:30:15.000+0000",
    "CodeSha256": "ZtNKND56dOUSIV5F0AmSdOrkfDZtPmxb3kojTMniOPM=",
    "Version": "2",
    "TracingConfig": {
        "Mode": "PassThrough"
    },
    "RevisionId": "3c760831-dc02-4ce0-97dc-535a47c4735b",
    "State": "Pending",
    "StateReason": "The function is being created.",
    "StateReasonCode": "Creating",
    "PackageType": "Zip",
    "Architectures": [
        "x86_64"
    ],
    "EphemeralStorage": {
        "Size": 512
    }
}
