{
    "Role": {
        "Path": "/",
        "RoleName": "lambda-ex",
        "RoleId": "AROAZBMKUXENRLLLSDJT4",
        "Arn": "arn:aws:iam::621450410267:role/lambda-ex",
        "CreateDate": "2022-11-01T00:30:09+00:00",
        "AssumeRolePolicyDocument": {
            "Version": "2012-10-17",
            "Statement": [
                {
                    "Effect": "Allow",
                    "Principal": {
                        "Service": "lambda.amazonaws.com"
                    },
                    "Action": "sts:AssumeRole"
                }
            ]
        }
    }
}
